2026-02-19 14:34:56,277:DEBUG:urllib3.connectionpool:http://localhost:None "GET /v2/connections?snap=certbot&interface=content HTTP/1.1" 200 97
2026-02-19 14:34:56,586:DEBUG:certbot._internal.main:certbot version: 5.3.1
2026-02-19 14:34:56,586:DEBUG:certbot._internal.main:Location of certbot entry point: /snap/certbot/5370/bin/certbot
2026-02-19 14:34:56,586:DEBUG:certbot._internal.main:Arguments: ['--nginx', '-d', 'checkin.realmeet.app', '--preconfigured-renewal']
2026-02-19 14:34:56,586:DEBUG:certbot._internal.main:Discovered plugins: PluginsRegistry(PluginEntryPoint#apache,PluginEntryPoint#manual,PluginEntryPoint#nginx,PluginEntryPoint#null,PluginEntryPoint#standalone,PluginEntryPoint#webroot)
2026-02-19 14:34:56,592:DEBUG:certbot.util:Exception was:
Traceback (most recent call last):
  File "/snap/certbot/5370/lib/python3.12/site-packages/certbot/util.py", line 262, in set_up_core_dir
    make_or_verify_dir(directory, mode, strict)
  File "/snap/certbot/5370/lib/python3.12/site-packages/certbot/util.py", line 285, in make_or_verify_dir
    filesystem.makedirs(directory, mode)
  File "/snap/certbot/5370/lib/python3.12/site-packages/certbot/compat/filesystem.py", line 297, in makedirs
    return os.makedirs(file_path, mode)
           ^^^^^^^^^^^^^^^^^^^^^^^^^^^^
  File "<frozen os>", line 225, in makedirs
PermissionError: [Errno 13] Permission denied: '/var/log/letsencrypt'
2026-02-19 14:34:56,592:DEBUG:certbot._internal.log:Exiting abnormally:
Traceback (most recent call last):
  File "/snap/certbot/5370/lib/python3.12/site-packages/certbot/util.py", line 262, in set_up_core_dir
    make_or_verify_dir(directory, mode, strict)
  File "/snap/certbot/5370/lib/python3.12/site-packages/certbot/util.py", line 285, in make_or_verify_dir
    filesystem.makedirs(directory, mode)
  File "/snap/certbot/5370/lib/python3.12/site-packages/certbot/compat/filesystem.py", line 297, in makedirs
    return os.makedirs(file_path, mode)
           ^^^^^^^^^^^^^^^^^^^^^^^^^^^^
  File "<frozen os>", line 225, in makedirs
PermissionError: [Errno 13] Permission denied: '/var/log/letsencrypt'

During handling of the above exception, another exception occurred:

Traceback (most recent call last):
  File "/snap/certbot/5370/bin/certbot", line 7, in <module>
    sys.exit(main())
             ^^^^^^
  File "/snap/certbot/5370/lib/python3.12/site-packages/certbot/main.py", line 18, in main
    return internal_main.main(cli_args)
           ^^^^^^^^^^^^^^^^^^^^^^^^^^^^
  File "/snap/certbot/5370/lib/python3.12/site-packages/certbot/_internal/main.py", line 1876, in main
    log.post_arg_parse_setup(config)
  File "/snap/certbot/5370/lib/python3.12/site-packages/certbot/_internal/log.py", line 108, in post_arg_parse_setup
    file_handler, file_path = setup_log_file_handler(
                              ^^^^^^^^^^^^^^^^^^^^^^^
  File "/snap/certbot/5370/lib/python3.12/site-packages/certbot/_internal/log.py", line 162, in setup_log_file_handler
    util.set_up_core_dir(config.logs_dir, 0o700, config.strict_permissions)
  File "/snap/certbot/5370/lib/python3.12/site-packages/certbot/util.py", line 266, in set_up_core_dir
    raise errors.Error(PERM_ERR_FMT.format(error))
certbot.errors.Error: The following error was encountered:
[Errno 13] Permission denied: '/var/log/letsencrypt'
Either run as root, or set --config-dir, --work-dir, and --logs-dir to writeable paths.
2026-02-19 14:34:56,592:ERROR:certbot._internal.log:The following error was encountered:
[Errno 13] Permission denied: '/var/log/letsencrypt'
Either run as root, or set --config-dir, --work-dir, and --logs-dir to writeable paths.
